# JRE version: OpenJDK Runtime Environment (11.0.8+10) (build 11.0.8+10-b944.6842174)
# Java VM: OpenJDK 64-Bit Server VM (11.0.8+10-b944.6842174, mixed mode, tiered, compressed oops, g1 gc, windows-amd64)
Heap:
 garbage-first heap   total 285696K, used 147968K [0x0000000080000000, 0x0000000100000000)
  region size 1024K, 3 young (3072K), 3 survivors (3072K)
 Metaspace       used 88743K, capacity 90781K, committed 90832K, reserved 1128448K
  class space    used 11569K, capacity 12282K, committed 12288K, reserved 1048576K
GC Heap History (20 events):
Event: 15.856 GC heap after
{Heap after GC invocations=24 (full 0):
 garbage-first heap   total 133120K, used 59353K [0x0000000080000000, 0x0000000100000000)
  region size 1024K, 6 young (6144K), 6 survivors (6144K)
 Metaspace       used 74494K, capacity 76174K, committed 76368K, reserved 1116160K
  class space    used 9740K, capacity 10329K, committed 10368K, reserved 1048576K
}
Event: 17.157 GC heap before
{Heap before GC invocations=24 (full 0):
 garbage-first heap   total 133120K, used 105433K [0x0000000080000000, 0x0000000100000000)
  region size 1024K, 52 young (53248K), 6 survivors (6144K)
 Metaspace       used 78108K, capacity 79984K, committed 80208K, reserved 1118208K
  class space    used 10170K, capacity 10806K, committed 10880K, reserved 1048576K
}
Event: 17.178 GC heap after
{Heap after GC invocations=25 (full 0):
 garbage-first heap   total 133120K, used 62732K [0x0000000080000000, 0x0000000100000000)
  region size 1024K, 7 young (7168K), 7 survivors (7168K)
 Metaspace       used 78108K, capacity 79984K, committed 80208K, reserved 1118208K
  class space    used 10170K, capacity 10806K, committed 10880K, reserved 1048576K
}
Event: 18.550 GC heap before
{Heap before GC invocations=25 (full 0):
 garbage-first heap   total 133120K, used 106764K [0x0000000080000000, 0x0000000100000000)
  region size 1024K, 51 young (52224K), 7 survivors (7168K)
 Metaspace       used 78685K, capacity 80564K, committed 80720K, reserved 1120256K
  class space    used 10201K, capacity 10834K, committed 10880K, reserved 1048576K
}
Event: 18.580 GC heap after
{Heap after GC invocations=26 (full 0):
 garbage-first heap   total 159744K, used 65138K [0x0000000080000000, 0x0000000100000000)
  region size 1024K, 6 young (6144K), 6 survivors (6144K)
 Metaspace       used 78685K, capacity 80564K, committed 80720K, reserved 1120256K
  class space    used 10201K, capacity 10834K, committed 10880K, reserved 1048576K
}
Event: 20.016 GC heap before
{Heap before GC invocations=26 (full 0):
 garbage-first heap   total 159744K, used 122482K [0x0000000080000000, 0x0000000100000000)
  region size 1024K, 63 young (64512K), 6 survivors (6144K)
 Metaspace       used 81080K, capacity 82999K, committed 83152K, reserved 1122304K
  class space    used 10495K, capacity 11187K, committed 11264K, reserved 1048576K
}
Event: 20.034 GC heap after
{Heap after GC invocations=27 (full 0):
 garbage-first heap   total 159744K, used 68144K [0x0000000080000000, 0x0000000100000000)
  region size 1024K, 6 young (6144K), 6 survivors (6144K)
 Metaspace       used 81080K, capacity 82999K, committed 83152K, reserved 1122304K
  class space    used 10495K, capacity 11187K, committed 11264K, reserved 1048576K
}
Event: 21.225 GC heap before
{Heap before GC invocations=27 (full 0):
 garbage-first heap   total 159744K, used 133680K [0x0000000080000000, 0x0000000100000000)
  region size 1024K, 63 young (64512K), 6 survivors (6144K)
 Metaspace       used 85301K, capacity 87337K, committed 87504K, reserved 1124352K
  class space    used 11032K, capacity 11751K, committed 11776K, reserved 1048576K
}
Event: 21.252 GC heap after
{Heap after GC invocations=28 (full 0):
 garbage-first heap   total 159744K, used 82066K [0x0000000080000000, 0x0000000100000000)
  region size 1024K, 8 young (8192K), 8 survivors (8192K)
 Metaspace       used 85301K, capacity 87337K, committed 87504K, reserved 1124352K
  class space    used 11032K, capacity 11751K, committed 11776K, reserved 1048576K
}
Event: 21.349 GC heap before
{Heap before GC invocations=28 (full 0):
 garbage-first heap   total 159744K, used 86162K [0x0000000080000000, 0x0000000100000000)
  region size 1024K, 13 young (13312K), 8 survivors (8192K)
 Metaspace       used 86048K, capacity 88014K, committed 88144K, reserved 1126400K
  class space    used 11127K, capacity 11830K, committed 11904K, reserved 1048576K
}
Event: 21.368 GC heap after
{Heap after GC invocations=29 (full 0):
 garbage-first heap   total 159744K, used 83968K [0x0000000080000000, 0x0000000100000000)
  region size 1024K, 1 young (1024K), 1 survivors (1024K)
 Metaspace       used 86048K, capacity 88014K, committed 88144K, reserved 1126400K
  class space    used 11127K, capacity 11830K, committed 11904K, reserved 1048576K
}
Event: 22.018 GC heap before
{Heap before GC invocations=30 (full 0):
 garbage-first heap   total 159744K, used 129024K [0x0000000080000000, 0x0000000100000000)
  region size 1024K, 30 young (30720K), 1 survivors (1024K)
 Metaspace       used 86674K, capacity 88728K, committed 89040K, reserved 1126400K
  class space    used 11206K, capacity 11922K, committed 12032K, reserved 1048576K
}
Event: 22.044 GC heap after
{Heap after GC invocations=31 (full 0):
 garbage-first heap   total 192512K, used 102635K [0x0000000080000000, 0x0000000100000000)
  region size 1024K, 4 young (4096K), 4 survivors (4096K)
 Metaspace       used 86674K, capacity 88728K, committed 89040K, reserved 1126400K
  class space    used 11206K, capacity 11922K, committed 12032K, reserved 1048576K
}
Event: 22.281 GC heap before
{Heap before GC invocations=31 (full 0):
 garbage-first heap   total 192512K, used 125163K [0x0000000080000000, 0x0000000100000000)
  region size 1024K, 27 young (27648K), 4 survivors (4096K)
 Metaspace       used 86747K, capacity 88742K, committed 89040K, reserved 1126400K
  class space    used 11216K, capacity 11927K, committed 12032K, reserved 1048576K
}
Event: 22.327 GC heap after
{Heap after GC invocations=32 (full 0):
 garbage-first heap   total 192512K, used 110284K [0x0000000080000000, 0x0000000100000000)
  region size 1024K, 5 young (5120K), 5 survivors (5120K)
 Metaspace       used 86747K, capacity 88742K, committed 89040K, reserved 1126400K
  class space    used 11216K, capacity 11927K, committed 12032K, reserved 1048576K
}
Event: 23.362 GC heap before
{Heap before GC invocations=33 (full 0):
 garbage-first heap   total 192512K, used 139980K [0x0000000080000000, 0x0000000100000000)
  region size 1024K, 34 young (34816K), 5 survivors (5120K)
 Metaspace       used 88717K, capacity 90714K, committed 90832K, reserved 1128448K
  class space    used 11569K, capacity 12282K, committed 12288K, reserved 1048576K
}
Event: 23.431 GC heap after
{Heap after GC invocations=34 (full 0):
 garbage-first heap   total 192512K, used 123138K [0x0000000080000000, 0x0000000100000000)
  region size 1024K, 5 young (5120K), 5 survivors (5120K)
 Metaspace       used 88717K, capacity 90714K, committed 90832K, reserved 1128448K
  class space    used 11569K, capacity 12282K, committed 12288K, reserved 1048576K
}
Event: 23.676 GC heap before
{Heap before GC invocations=34 (full 0):
 garbage-first heap   total 192512K, used 147714K [0x0000000080000000, 0x0000000100000000)
  region size 1024K, 29 young (29696K), 5 survivors (5120K)
 Metaspace       used 88742K, capacity 90781K, committed 90832K, reserved 1128448K
  class space    used 11569K, capacity 12282K, committed 12288K, reserved 1048576K
}
Event: 23.729 GC heap after
{Heap after GC invocations=35 (full 0):
 garbage-first heap   total 192512K, used 137102K [0x0000000080000000, 0x0000000100000000)
  region size 1024K, 4 young (4096K), 4 survivors (4096K)
 Metaspace       used 88742K, capacity 90781K, committed 90832K, reserved 1128448K
  class space    used 11569K, capacity 12282K, committed 12288K, reserved 1048576K
}
Event: 24.015 GC heap before
{Heap before GC invocations=35 (full 0):
 garbage-first heap   total 192512K, used 152462K [0x0000000080000000, 0x0000000100000000)
  region size 1024K, 20 young (20480K), 4 survivors (4096K)
 Metaspace       used 88743K, capacity 90781K, committed 90832K, reserved 1128448K
  class space    used 11569K, capacity 12282K, committed 12288K, reserved 1048576K
}

