# JRE version: OpenJDK Runtime Environment (11.0.8+10) (build 11.0.8+10-b944.6842174)
# Java VM: OpenJDK 64-Bit Server VM (11.0.8+10-b944.6842174, mixed mode, tiered, compressed oops, g1 gc, windows-amd64)
Heap:
 garbage-first heap   total 275456K, used 177664K [0x0000000080000000, 0x0000000100000000)
  region size 1024K, 34 young (34816K), 3 survivors (3072K)
 Metaspace       used 90651K, capacity 92796K, committed 93056K, reserved 1130496K
  class space    used 11834K, capacity 12606K, committed 12672K, reserved 1048576K
GC Heap History (20 events):
Event: 17.882 GC heap before
{Heap before GC invocations=25 (full 0):
 garbage-first heap   total 133120K, used 100988K [0x0000000080000000, 0x0000000100000000)
  region size 1024K, 46 young (47104K), 6 survivors (6144K)
 Metaspace       used 78283K, capacity 80170K, committed 80256K, reserved 1118208K
  class space    used 10182K, capacity 10847K, committed 10880K, reserved 1048576K
}
Event: 17.901 GC heap after
{Heap after GC invocations=26 (full 0):
 garbage-first heap   total 133120K, used 63944K [0x0000000080000000, 0x0000000100000000)
  region size 1024K, 6 young (6144K), 6 survivors (6144K)
 Metaspace       used 78283K, capacity 80170K, committed 80256K, reserved 1118208K
  class space    used 10182K, capacity 10847K, committed 10880K, reserved 1048576K
}
Event: 18.858 GC heap before
{Heap before GC invocations=26 (full 0):
 garbage-first heap   total 133120K, used 103880K [0x0000000080000000, 0x0000000100000000)
  region size 1024K, 46 young (47104K), 6 survivors (6144K)
 Metaspace       used 78737K, capacity 80549K, committed 80768K, reserved 1120256K
  class space    used 10214K, capacity 10875K, committed 10880K, reserved 1048576K
}
Event: 18.876 GC heap after
{Heap after GC invocations=27 (full 0):
 garbage-first heap   total 159744K, used 66048K [0x0000000080000000, 0x0000000100000000)
  region size 1024K, 5 young (5120K), 5 survivors (5120K)
 Metaspace       used 78737K, capacity 80549K, committed 80768K, reserved 1120256K
  class space    used 10214K, capacity 10875K, committed 10880K, reserved 1048576K
}
Event: 20.447 GC heap before
{Heap before GC invocations=27 (full 0):
 garbage-first heap   total 159744K, used 119296K [0x0000000080000000, 0x0000000100000000)
  region size 1024K, 58 young (59392K), 5 survivors (5120K)
 Metaspace       used 80906K, capacity 82911K, committed 83200K, reserved 1122304K
  class space    used 10474K, capacity 11164K, committed 11264K, reserved 1048576K
}
Event: 20.464 GC heap after
{Heap after GC invocations=28 (full 0):
 garbage-first heap   total 159744K, used 68512K [0x0000000080000000, 0x0000000100000000)
  region size 1024K, 5 young (5120K), 5 survivors (5120K)
 Metaspace       used 80906K, capacity 82911K, committed 83200K, reserved 1122304K
  class space    used 10474K, capacity 11164K, committed 11264K, reserved 1048576K
}
Event: 21.586 GC heap before
{Heap before GC invocations=28 (full 0):
 garbage-first heap   total 159744K, used 130976K [0x0000000080000000, 0x0000000100000000)
  region size 1024K, 59 young (60416K), 5 survivors (5120K)
 Metaspace       used 85283K, capacity 87291K, committed 87552K, reserved 1124352K
  class space    used 11042K, capacity 11760K, committed 11776K, reserved 1048576K
}
Event: 21.610 GC heap after
{Heap after GC invocations=29 (full 0):
 garbage-first heap   total 159744K, used 82398K [0x0000000080000000, 0x0000000100000000)
  region size 1024K, 8 young (8192K), 8 survivors (8192K)
 Metaspace       used 85283K, capacity 87291K, committed 87552K, reserved 1124352K
  class space    used 11042K, capacity 11760K, committed 11776K, reserved 1048576K
}
Event: 21.701 GC heap before
{Heap before GC invocations=29 (full 0):
 garbage-first heap   total 159744K, used 85470K [0x0000000080000000, 0x0000000100000000)
  region size 1024K, 13 young (13312K), 8 survivors (8192K)
 Metaspace       used 85912K, capacity 87968K, committed 88192K, reserved 1126400K
  class space    used 11124K, capacity 11839K, committed 11904K, reserved 1048576K
}
Event: 21.719 GC heap after
{Heap after GC invocations=30 (full 0):
 garbage-first heap   total 159744K, used 83562K [0x0000000080000000, 0x0000000100000000)
  region size 1024K, 2 young (2048K), 2 survivors (2048K)
 Metaspace       used 85912K, capacity 87968K, committed 88192K, reserved 1126400K
  class space    used 11124K, capacity 11839K, committed 11904K, reserved 1048576K
}
Event: 22.319 GC heap before
{Heap before GC invocations=31 (full 0):
 garbage-first heap   total 159744K, used 129642K [0x0000000080000000, 0x0000000100000000)
  region size 1024K, 32 young (32768K), 2 survivors (2048K)
 Metaspace       used 86730K, capacity 88786K, committed 89088K, reserved 1126400K
  class space    used 11213K, capacity 11922K, committed 12032K, reserved 1048576K
}
Event: 22.343 GC heap after
{Heap after GC invocations=32 (full 0):
 garbage-first heap   total 192512K, used 101598K [0x0000000080000000, 0x0000000100000000)
  region size 1024K, 4 young (4096K), 4 survivors (4096K)
 Metaspace       used 86730K, capacity 88786K, committed 89088K, reserved 1126400K
  class space    used 11213K, capacity 11922K, committed 12032K, reserved 1048576K
}
Event: 22.537 GC heap before
{Heap before GC invocations=32 (full 0):
 garbage-first heap   total 192512K, used 123102K [0x0000000080000000, 0x0000000100000000)
  region size 1024K, 27 young (27648K), 4 survivors (4096K)
 Metaspace       used 86765K, capacity 88786K, committed 89088K, reserved 1126400K
  class space    used 11216K, capacity 11922K, committed 12032K, reserved 1048576K
}
Event: 22.574 GC heap after
{Heap after GC invocations=33 (full 0):
 garbage-first heap   total 192512K, used 110900K [0x0000000080000000, 0x0000000100000000)
  region size 1024K, 6 young (6144K), 6 survivors (6144K)
 Metaspace       used 86765K, capacity 88786K, committed 89088K, reserved 1126400K
  class space    used 11216K, capacity 11922K, committed 12032K, reserved 1048576K
}
Event: 23.527 GC heap before
{Heap before GC invocations=34 (full 0):
 garbage-first heap   total 192512K, used 140596K [0x0000000080000000, 0x0000000100000000)
  region size 1024K, 35 young (35840K), 6 survivors (6144K)
 Metaspace       used 88740K, capacity 90800K, committed 91008K, reserved 1128448K
  class space    used 11575K, capacity 12312K, committed 12416K, reserved 1048576K
}
Event: 23.583 GC heap after
{Heap after GC invocations=35 (full 0):
 garbage-first heap   total 192512K, used 122880K [0x0000000080000000, 0x0000000100000000)
  region size 1024K, 5 young (5120K), 5 survivors (5120K)
 Metaspace       used 88740K, capacity 90800K, committed 91008K, reserved 1128448K
  class space    used 11575K, capacity 12312K, committed 12416K, reserved 1048576K
}
Event: 23.956 GC heap before
{Heap before GC invocations=35 (full 0):
 garbage-first heap   total 192512K, used 146432K [0x0000000080000000, 0x0000000100000000)
  region size 1024K, 29 young (29696K), 5 survivors (5120K)
 Metaspace       used 88802K, capacity 90868K, committed 91008K, reserved 1128448K
  class space    used 11575K, capacity 12312K, committed 12416K, reserved 1048576K
}
Event: 24.009 GC heap after
{Heap after GC invocations=36 (full 0):
 garbage-first heap   total 192512K, used 137166K [0x0000000080000000, 0x0000000100000000)
  region size 1024K, 4 young (4096K), 4 survivors (4096K)
 Metaspace       used 88802K, capacity 90868K, committed 91008K, reserved 1128448K
  class space    used 11575K, capacity 12312K, committed 12416K, reserved 1048576K
}
Event: 24.275 GC heap before
{Heap before GC invocations=36 (full 0):
 garbage-first heap   total 192512K, used 153550K [0x0000000080000000, 0x0000000100000000)
  region size 1024K, 20 young (20480K), 4 survivors (4096K)
 Metaspace       used 88806K, capacity 90868K, committed 91008K, reserved 1128448K
  class space    used 11575K, capacity 12312K, committed 12416K, reserved 1048576K
}
Event: 24.315 GC heap after
{Heap after GC invocations=37 (full 0):
 garbage-first heap   total 275456K, used 146944K [0x0000000080000000, 0x0000000100000000)
  region size 1024K, 3 young (3072K), 3 survivors (3072K)
 Metaspace       used 88806K, capacity 90868K, committed 91008K, reserved 1128448K
  class space    used 11575K, capacity 12312K, committed 12416K, reserved 1048576K
}

