# JRE version: OpenJDK Runtime Environment (11.0.8+10) (build 11.0.8+10-b944.6842174)
# Java VM: OpenJDK 64-Bit Server VM (11.0.8+10-b944.6842174, mixed mode, tiered, compressed oops, g1 gc, windows-amd64)
Heap:
 garbage-first heap   total 429056K, used 198079K [0x0000000080000000, 0x0000000100000000)
  region size 1024K, 4 young (4096K), 4 survivors (4096K)
 Metaspace       used 167408K, capacity 171254K, committed 171644K, reserved 1200128K
  class space    used 20310K, capacity 21726K, committed 21760K, reserved 1048576K
GC Heap History (20 events):
Event: 2732.175 GC heap after
{Heap after GC invocations=90 (full 0):
 garbage-first heap   total 334848K, used 134002K [0x0000000080000000, 0x0000000100000000)
  region size 1024K, 1 young (1024K), 1 survivors (1024K)
 Metaspace       used 157833K, capacity 161394K, committed 162812K, reserved 1191936K
  class space    used 19184K, capacity 20490K, committed 20864K, reserved 1048576K
}
Event: 2732.549 GC heap before
{Heap before GC invocations=90 (full 0):
 garbage-first heap   total 334848K, used 167794K [0x0000000080000000, 0x0000000100000000)
  region size 1024K, 35 young (35840K), 1 survivors (1024K)
 Metaspace       used 157906K, capacity 161470K, committed 162812K, reserved 1191936K
  class space    used 19194K, capacity 20494K, committed 20864K, reserved 1048576K
}
Event: 2732.560 GC heap after
{Heap after GC invocations=91 (full 0):
 garbage-first heap   total 334848K, used 133680K [0x0000000080000000, 0x0000000100000000)
  region size 1024K, 1 young (1024K), 1 survivors (1024K)
 Metaspace       used 157906K, capacity 161470K, committed 162812K, reserved 1191936K
  class space    used 19194K, capacity 20494K, committed 20864K, reserved 1048576K
}
Event: 2733.963 GC heap before
{Heap before GC invocations=92 (full 0):
 garbage-first heap   total 334848K, used 276016K [0x0000000080000000, 0x0000000100000000)
  region size 1024K, 139 young (142336K), 1 survivors (1024K)
 Metaspace       used 161158K, capacity 164859K, committed 166012K, reserved 1193984K
  class space    used 19678K, capacity 21008K, committed 21248K, reserved 1048576K
}
Event: 2733.986 GC heap after
{Heap after GC invocations=93 (full 0):
 garbage-first heap   total 334848K, used 145461K [0x0000000080000000, 0x0000000100000000)
  region size 1024K, 11 young (11264K), 11 survivors (11264K)
 Metaspace       used 161158K, capacity 164859K, committed 166012K, reserved 1193984K
  class space    used 19678K, capacity 21008K, committed 21248K, reserved 1048576K
}
Event: 2735.873 GC heap before
{Heap before GC invocations=93 (full 0):
 garbage-first heap   total 334848K, used 276533K [0x0000000080000000, 0x0000000100000000)
  region size 1024K, 140 young (143360K), 11 survivors (11264K)
 Metaspace       used 165400K, capacity 169347K, committed 169724K, reserved 1198080K
  class space    used 20186K, capacity 21595K, committed 21632K, reserved 1048576K
}
Event: 2735.911 GC heap after
{Heap after GC invocations=94 (full 0):
 garbage-first heap   total 334848K, used 151201K [0x0000000080000000, 0x0000000100000000)
  region size 1024K, 12 young (12288K), 12 survivors (12288K)
 Metaspace       used 165400K, capacity 169347K, committed 169724K, reserved 1198080K
  class space    used 20186K, capacity 21595K, committed 21632K, reserved 1048576K
}
Event: 2737.382 GC heap before
{Heap before GC invocations=95 (full 0):
 garbage-first heap   total 334848K, used 275105K [0x0000000080000000, 0x0000000100000000)
  region size 1024K, 134 young (137216K), 12 survivors (12288K)
 Metaspace       used 166132K, capacity 170049K, committed 170364K, reserved 1198080K
  class space    used 20263K, capacity 21677K, committed 21760K, reserved 1048576K
}
Event: 2737.412 GC heap after
{Heap after GC invocations=96 (full 0):
 garbage-first heap   total 334848K, used 155042K [0x0000000080000000, 0x0000000100000000)
  region size 1024K, 10 young (10240K), 10 survivors (10240K)
 Metaspace       used 166132K, capacity 170049K, committed 170364K, reserved 1198080K
  class space    used 20263K, capacity 21677K, committed 21760K, reserved 1048576K
}
Event: 2738.453 GC heap before
{Heap before GC invocations=96 (full 0):
 garbage-first heap   total 334848K, used 275874K [0x0000000080000000, 0x0000000100000000)
  region size 1024K, 129 young (132096K), 10 survivors (10240K)
 Metaspace       used 166469K, capacity 170428K, committed 170876K, reserved 1198080K
  class space    used 20280K, capacity 21710K, committed 21760K, reserved 1048576K
}
Event: 2738.555 GC heap after
{Heap after GC invocations=97 (full 0):
 garbage-first heap   total 334848K, used 167827K [0x0000000080000000, 0x0000000100000000)
  region size 1024K, 17 young (17408K), 17 survivors (17408K)
 Metaspace       used 166469K, capacity 170428K, committed 170876K, reserved 1198080K
  class space    used 20280K, capacity 21710K, committed 21760K, reserved 1048576K
}
Event: 2739.520 GC heap before
{Heap before GC invocations=98 (full 0):
 garbage-first heap   total 334848K, used 271251K [0x0000000080000000, 0x0000000100000000)
  region size 1024K, 117 young (119808K), 17 survivors (17408K)
 Metaspace       used 167021K, capacity 170878K, committed 171132K, reserved 1198080K
  class space    used 20286K, capacity 21691K, committed 21760K, reserved 1048576K
}
Event: 2739.567 GC heap after
{Heap after GC invocations=99 (full 0):
 garbage-first heap   total 334848K, used 171991K [0x0000000080000000, 0x0000000100000000)
  region size 1024K, 9 young (9216K), 9 survivors (9216K)
 Metaspace       used 167021K, capacity 170878K, committed 171132K, reserved 1198080K
  class space    used 20286K, capacity 21691K, committed 21760K, reserved 1048576K
}
Event: 2739.598 GC heap before
{Heap before GC invocations=99 (full 0):
 garbage-first heap   total 334848K, used 178135K [0x0000000080000000, 0x0000000100000000)
  region size 1024K, 16 young (16384K), 9 survivors (9216K)
 Metaspace       used 167022K, capacity 170878K, committed 171132K, reserved 1198080K
  class space    used 20286K, capacity 21691K, committed 21760K, reserved 1048576K
}
Event: 2739.620 GC heap after
{Heap after GC invocations=100 (full 0):
 garbage-first heap   total 334848K, used 169472K [0x0000000080000000, 0x0000000100000000)
  region size 1024K, 2 young (2048K), 2 survivors (2048K)
 Metaspace       used 167022K, capacity 170878K, committed 171132K, reserved 1198080K
  class space    used 20286K, capacity 21691K, committed 21760K, reserved 1048576K
}
Event: 2739.980 GC heap before
{Heap before GC invocations=100 (full 0):
 garbage-first heap   total 334848K, used 270848K [0x0000000080000000, 0x0000000100000000)
  region size 1024K, 101 young (103424K), 2 survivors (2048K)
 Metaspace       used 167204K, capacity 171080K, committed 171388K, reserved 1200128K
  class space    used 20294K, capacity 21692K, committed 21760K, reserved 1048576K
}
Event: 2740.027 GC heap after
{Heap after GC invocations=101 (full 0):
 garbage-first heap   total 334848K, used 187802K [0x0000000080000000, 0x0000000100000000)
  region size 1024K, 13 young (13312K), 13 survivors (13312K)
 Metaspace       used 167204K, capacity 171080K, committed 171388K, reserved 1200128K
  class space    used 20294K, capacity 21692K, committed 21760K, reserved 1048576K
}
Event: 2740.680 GC heap before
{Heap before GC invocations=101 (full 0):
 garbage-first heap   total 334848K, used 269722K [0x0000000080000000, 0x0000000100000000)
  region size 1024K, 94 young (96256K), 13 survivors (13312K)
 Metaspace       used 167337K, capacity 171184K, committed 171388K, reserved 1200128K
  class space    used 20303K, capacity 21724K, committed 21760K, reserved 1048576K
}
Event: 2740.724 GC heap after
{Heap after GC invocations=102 (full 0):
 garbage-first heap   total 334848K, used 195703K [0x0000000080000000, 0x0000000100000000)
  region size 1024K, 10 young (10240K), 10 survivors (10240K)
 Metaspace       used 167337K, capacity 171184K, committed 171388K, reserved 1200128K
  class space    used 20303K, capacity 21724K, committed 21760K, reserved 1048576K
}
Event: 2741.161 GC heap before
{Heap before GC invocations=103 (full 0):
 garbage-first heap   total 334848K, used 273527K [0x0000000080000000, 0x0000000100000000)
  region size 1024K, 86 young (88064K), 10 survivors (10240K)
 Metaspace       used 167408K, capacity 171254K, committed 171644K, reserved 1200128K
  class space    used 20310K, capacity 21726K, committed 21760K, reserved 1048576K
}

