# JRE version: OpenJDK Runtime Environment (11.0.8+10) (build 11.0.8+10-b944.6842174)
# Java VM: OpenJDK 64-Bit Server VM (11.0.8+10-b944.6842174, mixed mode, tiered, compressed oops, g1 gc, windows-amd64)
Heap:
 garbage-first heap   total 281600K, used 187180K [0x0000000080000000, 0x0000000100000000)
  region size 1024K, 32 young (32768K), 3 survivors (3072K)
 Metaspace       used 91618K, capacity 93882K, committed 94160K, reserved 1130496K
  class space    used 11948K, capacity 12737K, committed 12800K, reserved 1048576K
GC Heap History (20 events):
Event: 22.130 GC heap before
{Heap before GC invocations=30 (full 0):
 garbage-first heap   total 159744K, used 124996K [0x0000000080000000, 0x0000000100000000)
  region size 1024K, 54 young (55296K), 5 survivors (5120K)
 Metaspace       used 82164K, capacity 84064K, committed 84304K, reserved 1122304K
  class space    used 10646K, capacity 11306K, committed 11392K, reserved 1048576K
}
Event: 22.150 GC heap after
{Heap after GC invocations=31 (full 0):
 garbage-first heap   total 159744K, used 80472K [0x0000000080000000, 0x0000000100000000)
  region size 1024K, 7 young (7168K), 7 survivors (7168K)
 Metaspace       used 82164K, capacity 84064K, committed 84304K, reserved 1122304K
  class space    used 10646K, capacity 11306K, committed 11392K, reserved 1048576K
}
Event: 22.945 GC heap before
{Heap before GC invocations=31 (full 0):
 garbage-first heap   total 159744K, used 109144K [0x0000000080000000, 0x0000000100000000)
  region size 1024K, 37 young (37888K), 7 survivors (7168K)
 Metaspace       used 85787K, capacity 87887K, committed 88144K, reserved 1126400K
  class space    used 11122K, capacity 11874K, committed 11904K, reserved 1048576K
}
Event: 22.966 GC heap after
{Heap after GC invocations=32 (full 0):
 garbage-first heap   total 159744K, used 82944K [0x0000000080000000, 0x0000000100000000)
  region size 1024K, 3 young (3072K), 3 survivors (3072K)
 Metaspace       used 85787K, capacity 87887K, committed 88144K, reserved 1126400K
  class space    used 11122K, capacity 11874K, committed 11904K, reserved 1048576K
}
Event: 23.956 GC heap before
{Heap before GC invocations=33 (full 0):
 garbage-first heap   total 159744K, used 141312K [0x0000000080000000, 0x0000000100000000)
  region size 1024K, 45 young (46080K), 3 survivors (3072K)
 Metaspace       used 86652K, capacity 88758K, committed 89040K, reserved 1126400K
  class space    used 11211K, capacity 11954K, committed 12032K, reserved 1048576K
}
Event: 23.997 GC heap after
{Heap after GC invocations=34 (full 0):
 garbage-first heap   total 159744K, used 104448K [0x0000000080000000, 0x0000000100000000)
  region size 1024K, 6 young (6144K), 6 survivors (6144K)
 Metaspace       used 86652K, capacity 88758K, committed 89040K, reserved 1126400K
  class space    used 11211K, capacity 11954K, committed 12032K, reserved 1048576K
}
Event: 24.122 GC heap before
{Heap before GC invocations=34 (full 0):
 garbage-first heap   total 159744K, used 117760K [0x0000000080000000, 0x0000000100000000)
  region size 1024K, 20 young (20480K), 6 survivors (6144K)
 Metaspace       used 86654K, capacity 88758K, committed 89040K, reserved 1126400K
  class space    used 11211K, capacity 11954K, committed 12032K, reserved 1048576K
}
Event: 24.166 GC heap after
{Heap after GC invocations=35 (full 0):
 garbage-first heap   total 192512K, used 109495K [0x0000000080000000, 0x0000000100000000)
  region size 1024K, 4 young (4096K), 4 survivors (4096K)
 Metaspace       used 86654K, capacity 88758K, committed 89040K, reserved 1126400K
  class space    used 11211K, capacity 11954K, committed 12032K, reserved 1048576K
}
Event: 25.290 GC heap before
{Heap before GC invocations=36 (full 0):
 garbage-first heap   total 192512K, used 141239K [0x0000000080000000, 0x0000000100000000)
  region size 1024K, 35 young (35840K), 4 survivors (4096K)
 Metaspace       used 88653K, capacity 90740K, committed 90960K, reserved 1128448K
  class space    used 11573K, capacity 12312K, committed 12416K, reserved 1048576K
}
Event: 25.344 GC heap after
{Heap after GC invocations=37 (full 0):
 garbage-first heap   total 192512K, used 123837K [0x0000000080000000, 0x0000000100000000)
  region size 1024K, 5 young (5120K), 5 survivors (5120K)
 Metaspace       used 88653K, capacity 90740K, committed 90960K, reserved 1128448K
  class space    used 11573K, capacity 12312K, committed 12416K, reserved 1048576K
}
Event: 25.617 GC heap before
{Heap before GC invocations=37 (full 0):
 garbage-first heap   total 192512K, used 148413K [0x0000000080000000, 0x0000000100000000)
  region size 1024K, 29 young (29696K), 5 survivors (5120K)
 Metaspace       used 88680K, capacity 90744K, committed 90960K, reserved 1128448K
  class space    used 11573K, capacity 12312K, committed 12416K, reserved 1048576K
}
Event: 25.679 GC heap after
{Heap after GC invocations=38 (full 0):
 garbage-first heap   total 192512K, used 137727K [0x0000000080000000, 0x0000000100000000)
  region size 1024K, 4 young (4096K), 4 survivors (4096K)
 Metaspace       used 88680K, capacity 90744K, committed 90960K, reserved 1128448K
  class space    used 11573K, capacity 12312K, committed 12416K, reserved 1048576K
}
Event: 26.181 GC heap before
{Heap before GC invocations=38 (full 0):
 garbage-first heap   total 192512K, used 153087K [0x0000000080000000, 0x0000000100000000)
  region size 1024K, 20 young (20480K), 4 survivors (4096K)
 Metaspace       used 88723K, capacity 90808K, committed 90960K, reserved 1128448K
  class space    used 11573K, capacity 12312K, committed 12416K, reserved 1048576K
}
Event: 26.210 GC heap after
{Heap after GC invocations=39 (full 0):
 garbage-first heap   total 192512K, used 147456K [0x0000000080000000, 0x0000000100000000)
  region size 1024K, 3 young (3072K), 3 survivors (3072K)
 Metaspace       used 88723K, capacity 90808K, committed 90960K, reserved 1128448K
  class space    used 11573K, capacity 12312K, committed 12416K, reserved 1048576K
}
Event: 26.496 GC heap before
{Heap before GC invocations=39 (full 0):
 garbage-first heap   total 192512K, used 158720K [0x0000000080000000, 0x0000000100000000)
  region size 1024K, 14 young (14336K), 3 survivors (3072K)
 Metaspace       used 88994K, capacity 91046K, committed 91216K, reserved 1128448K
  class space    used 11617K, capacity 12348K, committed 12416K, reserved 1048576K
}
Event: 26.522 GC heap after
{Heap after GC invocations=40 (full 0):
 garbage-first heap   total 281600K, used 153088K [0x0000000080000000, 0x0000000100000000)
  region size 1024K, 2 young (2048K), 2 survivors (2048K)
 Metaspace       used 88994K, capacity 91046K, committed 91216K, reserved 1128448K
  class space    used 11617K, capacity 12348K, committed 12416K, reserved 1048576K
}
Event: 27.766 GC heap before
{Heap before GC invocations=41 (full 0):
 garbage-first heap   total 281600K, used 193024K [0x0000000080000000, 0x0000000100000000)
  region size 1024K, 42 young (43008K), 2 survivors (2048K)
 Metaspace       used 91264K, capacity 93483K, committed 93648K, reserved 1130496K
  class space    used 11906K, capacity 12714K, committed 12800K, reserved 1048576K
}
Event: 27.809 GC heap after
{Heap after GC invocations=42 (full 0):
 garbage-first heap   total 281600K, used 159069K [0x0000000080000000, 0x0000000100000000)
  region size 1024K, 6 young (6144K), 6 survivors (6144K)
 Metaspace       used 91264K, capacity 93483K, committed 93648K, reserved 1130496K
  class space    used 11906K, capacity 12714K, committed 12800K, reserved 1048576K
}
Event: 28.136 GC heap before
{Heap before GC invocations=42 (full 0):
 garbage-first heap   total 281600K, used 170333K [0x0000000080000000, 0x0000000100000000)
  region size 1024K, 19 young (19456K), 6 survivors (6144K)
 Metaspace       used 91328K, capacity 93548K, committed 93648K, reserved 1130496K
  class space    used 11914K, capacity 12714K, committed 12800K, reserved 1048576K
}
Event: 28.164 GC heap after
{Heap after GC invocations=43 (full 0):
 garbage-first heap   total 281600K, used 161580K [0x0000000080000000, 0x0000000100000000)
  region size 1024K, 3 young (3072K), 3 survivors (3072K)
 Metaspace       used 91328K, capacity 93548K, committed 93648K, reserved 1130496K
  class space    used 11914K, capacity 12714K, committed 12800K, reserved 1048576K
}

