# JRE version: OpenJDK Runtime Environment (11.0.8+10) (build 11.0.8+10-b944.6842174)
# Java VM: OpenJDK 64-Bit Server VM (11.0.8+10-b944.6842174, mixed mode, tiered, compressed oops, g1 gc, windows-amd64)
Heap:
 garbage-first heap   total 288768K, used 158208K [0x0000000080000000, 0x0000000100000000)
  region size 1024K, 13 young (13312K), 3 survivors (3072K)
 Metaspace       used 90089K, capacity 92185K, committed 92492K, reserved 1128448K
  class space    used 11757K, capacity 12494K, committed 12620K, reserved 1048576K
GC Heap History (20 events):
Event: 17.153 GC heap before
{Heap before GC invocations=23 (full 0):
 garbage-first heap   total 133120K, used 100754K [0x0000000080000000, 0x0000000100000000)
  region size 1024K, 47 young (48128K), 5 survivors (5120K)
 Metaspace       used 77607K, capacity 79422K, committed 79692K, reserved 1118208K
  class space    used 10123K, capacity 10731K, committed 10828K, reserved 1048576K
}
Event: 17.173 GC heap after
{Heap after GC invocations=24 (full 0):
 garbage-first heap   total 133120K, used 61401K [0x0000000080000000, 0x0000000100000000)
  region size 1024K, 6 young (6144K), 6 survivors (6144K)
 Metaspace       used 77607K, capacity 79422K, committed 79692K, reserved 1118208K
  class space    used 10123K, capacity 10731K, committed 10828K, reserved 1048576K
}
Event: 18.195 GC heap before
{Heap before GC invocations=24 (full 0):
 garbage-first heap   total 133120K, used 102361K [0x0000000080000000, 0x0000000100000000)
  region size 1024K, 47 young (48128K), 6 survivors (6144K)
 Metaspace       used 78285K, capacity 80119K, committed 80204K, reserved 1118208K
  class space    used 10183K, capacity 10807K, committed 10828K, reserved 1048576K
}
Event: 18.215 GC heap after
{Heap after GC invocations=25 (full 0):
 garbage-first heap   total 159744K, used 63665K [0x0000000080000000, 0x0000000100000000)
  region size 1024K, 3 young (3072K), 3 survivors (3072K)
 Metaspace       used 78285K, capacity 80119K, committed 80204K, reserved 1118208K
  class space    used 10183K, capacity 10807K, committed 10828K, reserved 1048576K
}
Event: 19.653 GC heap before
{Heap before GC invocations=25 (full 0):
 garbage-first heap   total 159744K, used 114865K [0x0000000080000000, 0x0000000100000000)
  region size 1024K, 54 young (55296K), 3 survivors (3072K)
 Metaspace       used 79918K, capacity 81861K, committed 81996K, reserved 1120256K
  class space    used 10346K, capacity 11051K, committed 11084K, reserved 1048576K
}
Event: 19.672 GC heap after
{Heap after GC invocations=26 (full 0):
 garbage-first heap   total 159744K, used 66427K [0x0000000080000000, 0x0000000100000000)
  region size 1024K, 6 young (6144K), 6 survivors (6144K)
 Metaspace       used 79918K, capacity 81861K, committed 81996K, reserved 1120256K
  class space    used 10346K, capacity 11051K, committed 11084K, reserved 1048576K
}
Event: 20.607 GC heap before
{Heap before GC invocations=26 (full 0):
 garbage-first heap   total 159744K, used 119675K [0x0000000080000000, 0x0000000100000000)
  region size 1024K, 59 young (60416K), 6 survivors (6144K)
 Metaspace       used 82630K, capacity 84635K, committed 84940K, reserved 1122304K
  class space    used 10689K, capacity 11388K, committed 11468K, reserved 1048576K
}
Event: 20.624 GC heap after
{Heap after GC invocations=27 (full 0):
 garbage-first heap   total 159744K, used 68479K [0x0000000080000000, 0x0000000100000000)
  region size 1024K, 5 young (5120K), 5 survivors (5120K)
 Metaspace       used 82630K, capacity 84635K, committed 84940K, reserved 1122304K
  class space    used 10689K, capacity 11388K, committed 11468K, reserved 1048576K
}
Event: 21.471 GC heap before
{Heap before GC invocations=27 (full 0):
 garbage-first heap   total 159744K, used 112511K [0x0000000080000000, 0x0000000100000000)
  region size 1024K, 42 young (43008K), 5 survivors (5120K)
 Metaspace       used 85975K, capacity 87970K, committed 88268K, reserved 1126400K
  class space    used 11129K, capacity 11860K, committed 11980K, reserved 1048576K
}
Event: 21.492 GC heap after
{Heap after GC invocations=28 (full 0):
 garbage-first heap   total 159744K, used 82645K [0x0000000080000000, 0x0000000100000000)
  region size 1024K, 8 young (8192K), 8 survivors (8192K)
 Metaspace       used 85975K, capacity 87970K, committed 88268K, reserved 1126400K
  class space    used 11129K, capacity 11860K, committed 11980K, reserved 1048576K
}
Event: 22.275 GC heap before
{Heap before GC invocations=29 (full 0):
 garbage-first heap   total 159744K, used 141013K [0x0000000080000000, 0x0000000100000000)
  region size 1024K, 50 young (51200K), 8 survivors (8192K)
 Metaspace       used 86918K, capacity 88974K, committed 89036K, reserved 1126400K
  class space    used 11241K, capacity 11964K, committed 11980K, reserved 1048576K
}
Event: 22.322 GC heap after
{Heap after GC invocations=30 (full 0):
 garbage-first heap   total 198656K, used 104972K [0x0000000080000000, 0x0000000100000000)
  region size 1024K, 7 young (7168K), 7 survivors (7168K)
 Metaspace       used 86918K, capacity 88974K, committed 89036K, reserved 1126400K
  class space    used 11241K, capacity 11964K, committed 11980K, reserved 1048576K
}
Event: 22.387 GC heap before
{Heap before GC invocations=30 (full 0):
 garbage-first heap   total 198656K, used 110092K [0x0000000080000000, 0x0000000100000000)
  region size 1024K, 13 young (13312K), 7 survivors (7168K)
 Metaspace       used 86920K, capacity 88974K, committed 89036K, reserved 1126400K
  class space    used 11241K, capacity 11964K, committed 11980K, reserved 1048576K
}
Event: 22.414 GC heap after
{Heap after GC invocations=31 (full 0):
 garbage-first heap   total 198656K, used 107520K [0x0000000080000000, 0x0000000100000000)
  region size 1024K, 2 young (2048K), 2 survivors (2048K)
 Metaspace       used 86920K, capacity 88974K, committed 89036K, reserved 1126400K
  class space    used 11241K, capacity 11964K, committed 11980K, reserved 1048576K
}
Event: 23.439 GC heap before
{Heap before GC invocations=32 (full 0):
 garbage-first heap   total 198656K, used 144384K [0x0000000080000000, 0x0000000100000000)
  region size 1024K, 37 young (37888K), 2 survivors (2048K)
 Metaspace       used 88917K, capacity 91011K, committed 91212K, reserved 1128448K
  class space    used 11598K, capacity 12319K, committed 12364K, reserved 1048576K
}
Event: 23.487 GC heap after
{Heap after GC invocations=33 (full 0):
 garbage-first heap   total 198656K, used 123196K [0x0000000080000000, 0x0000000100000000)
  region size 1024K, 5 young (5120K), 5 survivors (5120K)
 Metaspace       used 88917K, capacity 91011K, committed 91212K, reserved 1128448K
  class space    used 11598K, capacity 12319K, committed 12364K, reserved 1048576K
}
Event: 23.750 GC heap before
{Heap before GC invocations=33 (full 0):
 garbage-first heap   total 198656K, used 149820K [0x0000000080000000, 0x0000000100000000)
  region size 1024K, 31 young (31744K), 5 survivors (5120K)
 Metaspace       used 88934K, capacity 91014K, committed 91212K, reserved 1128448K
  class space    used 11598K, capacity 12319K, committed 12364K, reserved 1048576K
}
Event: 23.816 GC heap after
{Heap after GC invocations=34 (full 0):
 garbage-first heap   total 198656K, used 138202K [0x0000000080000000, 0x0000000100000000)
  region size 1024K, 4 young (4096K), 4 survivors (4096K)
 Metaspace       used 88934K, capacity 91014K, committed 91212K, reserved 1128448K
  class space    used 11598K, capacity 12319K, committed 12364K, reserved 1048576K
}
Event: 24.161 GC heap before
{Heap before GC invocations=34 (full 0):
 garbage-first heap   total 198656K, used 155610K [0x0000000080000000, 0x0000000100000000)
  region size 1024K, 22 young (22528K), 4 survivors (4096K)
 Metaspace       used 88935K, capacity 91014K, committed 91212K, reserved 1128448K
  class space    used 11598K, capacity 12319K, committed 12364K, reserved 1048576K
}
Event: 24.199 GC heap after
{Heap after GC invocations=35 (full 0):
 garbage-first heap   total 288768K, used 148992K [0x0000000080000000, 0x0000000100000000)
  region size 1024K, 3 young (3072K), 3 survivors (3072K)
 Metaspace       used 88935K, capacity 91014K, committed 91212K, reserved 1128448K
  class space    used 11598K, capacity 12319K, committed 12364K, reserved 1048576K
}

