# JRE version: OpenJDK Runtime Environment (11.0.8+10) (build 11.0.8+10-b944.6842174)
# Java VM: OpenJDK 64-Bit Server VM (11.0.8+10-b944.6842174, mixed mode, tiered, compressed oops, g1 gc, windows-amd64)
Heap:
 garbage-first heap   total 196608K, used 84403K [0x0000000080000000, 0x0000000100000000)
  region size 1024K, 2 young (2048K), 2 survivors (2048K)
 Metaspace       used 114509K, capacity 117175K, committed 117840K, reserved 1150976K
  class space    used 14235K, capacity 15261K, committed 15488K, reserved 1048576K
GC Heap History (20 events):
Event: 13029.948 GC heap after
{Heap after GC invocations=70 (full 0):
 garbage-first heap   total 159744K, used 90797K [0x0000000080000000, 0x0000000100000000)
  region size 1024K, 6 young (6144K), 6 survivors (6144K)
 Metaspace       used 108112K, capacity 110771K, committed 111568K, reserved 1146880K
  class space    used 13735K, capacity 14710K, committed 14848K, reserved 1048576K
}
Event: 13031.037 GC heap before
{Heap before GC invocations=71 (full 0):
 garbage-first heap   total 159744K, used 140973K [0x0000000080000000, 0x0000000100000000)
  region size 1024K, 38 young (38912K), 6 survivors (6144K)
 Metaspace       used 108964K, capacity 111471K, committed 112464K, reserved 1146880K
  class space    used 13783K, capacity 14711K, committed 14976K, reserved 1048576K
}
Event: 13031.063 GC heap after
{Heap after GC invocations=72 (full 0):
 garbage-first heap   total 159744K, used 91944K [0x0000000080000000, 0x0000000100000000)
  region size 1024K, 2 young (2048K), 2 survivors (2048K)
 Metaspace       used 108964K, capacity 111471K, committed 112464K, reserved 1146880K
  class space    used 13783K, capacity 14711K, committed 14976K, reserved 1048576K
}
Event: 13031.304 GC heap before
{Heap before GC invocations=72 (full 0):
 garbage-first heap   total 159744K, used 96040K [0x0000000080000000, 0x0000000100000000)
  region size 1024K, 7 young (7168K), 2 survivors (2048K)
 Metaspace       used 109892K, capacity 112443K, committed 113232K, reserved 1146880K
  class space    used 13863K, capacity 14777K, committed 14976K, reserved 1048576K
}
Event: 13031.316 GC heap after
{Heap after GC invocations=73 (full 0):
 garbage-first heap   total 159744K, used 92243K [0x0000000080000000, 0x0000000100000000)
  region size 1024K, 1 young (1024K), 1 survivors (1024K)
 Metaspace       used 109892K, capacity 112443K, committed 113232K, reserved 1146880K
  class space    used 13863K, capacity 14777K, committed 14976K, reserved 1048576K
}
Event: 13032.135 GC heap before
{Heap before GC invocations=73 (full 0):
 garbage-first heap   total 159744K, used 123987K [0x0000000080000000, 0x0000000100000000)
  region size 1024K, 33 young (33792K), 1 survivors (1024K)
 Metaspace       used 110146K, capacity 112667K, committed 113616K, reserved 1148928K
  class space    used 13875K, capacity 14809K, committed 15104K, reserved 1048576K
}
Event: 13032.143 GC heap after
{Heap after GC invocations=74 (full 0):
 garbage-first heap   total 159744K, used 93419K [0x0000000080000000, 0x0000000100000000)
  region size 1024K, 2 young (2048K), 2 survivors (2048K)
 Metaspace       used 110146K, capacity 112667K, committed 113616K, reserved 1148928K
  class space    used 13875K, capacity 14809K, committed 15104K, reserved 1048576K
}
Event: 13033.173 GC heap before
{Heap before GC invocations=75 (full 0):
 garbage-first heap   total 159744K, used 126187K [0x0000000080000000, 0x0000000100000000)
  region size 1024K, 35 young (35840K), 2 survivors (2048K)
 Metaspace       used 112043K, capacity 114531K, committed 115536K, reserved 1148928K
  class space    used 14027K, capacity 14938K, committed 15232K, reserved 1048576K
}
Event: 13033.188 GC heap after
{Heap after GC invocations=76 (full 0):
 garbage-first heap   total 159744K, used 96756K [0x0000000080000000, 0x0000000100000000)
  region size 1024K, 5 young (5120K), 5 survivors (5120K)
 Metaspace       used 112043K, capacity 114531K, committed 115536K, reserved 1148928K
  class space    used 14027K, capacity 14938K, committed 15232K, reserved 1048576K
}
Event: 13033.217 GC heap before
{Heap before GC invocations=76 (full 0):
 garbage-first heap   total 159744K, used 98804K [0x0000000080000000, 0x0000000100000000)
  region size 1024K, 7 young (7168K), 5 survivors (5120K)
 Metaspace       used 112166K, capacity 114627K, committed 115536K, reserved 1148928K
  class space    used 14038K, capacity 14970K, committed 15232K, reserved 1048576K
}
Event: 13033.240 GC heap after
{Heap after GC invocations=77 (full 0):
 garbage-first heap   total 159744K, used 85705K [0x0000000080000000, 0x0000000100000000)
  region size 1024K, 1 young (1024K), 1 survivors (1024K)
 Metaspace       used 112166K, capacity 114627K, committed 115536K, reserved 1148928K
  class space    used 14038K, capacity 14970K, committed 15232K, reserved 1048576K
}
Event: 13033.484 GC heap before
{Heap before GC invocations=77 (full 0):
 garbage-first heap   total 159744K, used 90825K [0x0000000080000000, 0x0000000100000000)
  region size 1024K, 7 young (7168K), 1 survivors (1024K)
 Metaspace       used 112358K, capacity 114943K, committed 115792K, reserved 1150976K
  class space    used 14050K, capacity 14980K, committed 15232K, reserved 1048576K
}
Event: 13033.511 GC heap after
{Heap after GC invocations=78 (full 0):
 garbage-first heap   total 159744K, used 85705K [0x0000000080000000, 0x0000000100000000)
  region size 1024K, 1 young (1024K), 1 survivors (1024K)
 Metaspace       used 112358K, capacity 114943K, committed 115792K, reserved 1150976K
  class space    used 14050K, capacity 14980K, committed 15232K, reserved 1048576K
}
Event: 13036.734 GC heap before
{Heap before GC invocations=78 (full 0):
 garbage-first heap   total 159744K, used 121545K [0x0000000080000000, 0x0000000100000000)
  region size 1024K, 37 young (37888K), 1 survivors (1024K)
 Metaspace       used 113353K, capacity 115951K, committed 116688K, reserved 1150976K
  class space    used 14160K, capacity 15119K, committed 15360K, reserved 1048576K
}
Event: 13036.759 GC heap after
{Heap after GC invocations=79 (full 0):
 garbage-first heap   total 159744K, used 90993K [0x0000000080000000, 0x0000000100000000)
  region size 1024K, 5 young (5120K), 5 survivors (5120K)
 Metaspace       used 113353K, capacity 115951K, committed 116688K, reserved 1150976K
  class space    used 14160K, capacity 15119K, committed 15360K, reserved 1048576K
}
Event: 13037.225 GC heap before
{Heap before GC invocations=80 (full 0):
 garbage-first heap   total 159744K, used 124785K [0x0000000080000000, 0x0000000100000000)
  region size 1024K, 39 young (39936K), 5 survivors (5120K)
 Metaspace       used 113864K, capacity 116461K, committed 117200K, reserved 1150976K
  class space    used 14187K, capacity 15159K, committed 15360K, reserved 1048576K
}
Event: 13037.244 GC heap after
{Heap after GC invocations=81 (full 0):
 garbage-first heap   total 159744K, used 91068K [0x0000000080000000, 0x0000000100000000)
  region size 1024K, 2 young (2048K), 2 survivors (2048K)
 Metaspace       used 113864K, capacity 116461K, committed 117200K, reserved 1150976K
  class space    used 14187K, capacity 15159K, committed 15360K, reserved 1048576K
}
Event: 13037.342 GC heap before
{Heap before GC invocations=81 (full 0):
 garbage-first heap   total 159744K, used 95164K [0x0000000080000000, 0x0000000100000000)
  region size 1024K, 7 young (7168K), 2 survivors (2048K)
 Metaspace       used 113981K, capacity 116546K, committed 117200K, reserved 1150976K
  class space    used 14195K, capacity 15166K, committed 15360K, reserved 1048576K
}
Event: 13037.366 GC heap after
{Heap after GC invocations=82 (full 0):
 garbage-first heap   total 159744K, used 83480K [0x0000000080000000, 0x0000000100000000)
  region size 1024K, 1 young (1024K), 1 survivors (1024K)
 Metaspace       used 113981K, capacity 116546K, committed 117200K, reserved 1150976K
  class space    used 14195K, capacity 15166K, committed 15360K, reserved 1048576K
}
Event: 13056.608 GC heap before
{Heap before GC invocations=82 (full 0):
 garbage-first heap   total 159744K, used 112152K [0x0000000080000000, 0x0000000100000000)
  region size 1024K, 31 young (31744K), 1 survivors (1024K)
 Metaspace       used 114509K, capacity 117175K, committed 117840K, reserved 1150976K
  class space    used 14235K, capacity 15261K, committed 15488K, reserved 1048576K
}

