# JRE version: OpenJDK Runtime Environment (11.0.8+10) (build 11.0.8+10-b944.6842174)
# Java VM: OpenJDK 64-Bit Server VM (11.0.8+10-b944.6842174, mixed mode, tiered, compressed oops, g1 gc, windows-amd64)
Heap:
 garbage-first heap   total 231424K, used 164449K [0x0000000080000000, 0x0000000100000000)
  region size 1024K, 32 young (32768K), 9 survivors (9216K)
 Metaspace       used 124781K, capacity 127479K, committed 128028K, reserved 1161216K
  class space    used 15345K, capacity 16270K, committed 16460K, reserved 1048576K
GC Heap History (20 events):
Event: 3487.767 GC heap before
{Heap before GC invocations=53 (full 0):
 garbage-first heap   total 231424K, used 201075K [0x0000000080000000, 0x0000000100000000)
  region size 1024K, 76 young (77824K), 4 survivors (4096K)
 Metaspace       used 114841K, capacity 117345K, committed 118556K, reserved 1153024K
  class space    used 14177K, capacity 15053K, committed 15436K, reserved 1048576K
}
Event: 3487.813 GC heap after
{Heap after GC invocations=54 (full 0):
 garbage-first heap   total 231424K, used 129628K [0x0000000080000000, 0x0000000100000000)
  region size 1024K, 10 young (10240K), 10 survivors (10240K)
 Metaspace       used 114841K, capacity 117345K, committed 118556K, reserved 1153024K
  class space    used 14177K, capacity 15053K, committed 15436K, reserved 1048576K
}
Event: 3487.886 GC heap before
{Heap before GC invocations=54 (full 0):
 garbage-first heap   total 231424K, used 130652K [0x0000000080000000, 0x0000000100000000)
  region size 1024K, 11 young (11264K), 10 survivors (10240K)
 Metaspace       used 114843K, capacity 117345K, committed 118556K, reserved 1153024K
  class space    used 14177K, capacity 15053K, committed 15436K, reserved 1048576K
}
Event: 3487.929 GC heap after
{Heap after GC invocations=55 (full 0):
 garbage-first heap   total 231424K, used 123301K [0x0000000080000000, 0x0000000100000000)
  region size 1024K, 2 young (2048K), 2 survivors (2048K)
 Metaspace       used 114843K, capacity 117345K, committed 118556K, reserved 1153024K
  class space    used 14177K, capacity 15053K, committed 15436K, reserved 1048576K
}
Event: 3488.178 GC heap before
{Heap before GC invocations=55 (full 0):
 garbage-first heap   total 231424K, used 132517K [0x0000000080000000, 0x0000000100000000)
  region size 1024K, 13 young (13312K), 2 survivors (2048K)
 Metaspace       used 114875K, capacity 117351K, committed 118556K, reserved 1153024K
  class space    used 14179K, capacity 15055K, committed 15436K, reserved 1048576K
}
Event: 3488.196 GC heap after
{Heap after GC invocations=56 (full 0):
 garbage-first heap   total 231424K, used 126378K [0x0000000080000000, 0x0000000100000000)
  region size 1024K, 5 young (5120K), 5 survivors (5120K)
 Metaspace       used 114875K, capacity 117351K, committed 118556K, reserved 1153024K
  class space    used 14179K, capacity 15055K, committed 15436K, reserved 1048576K
}
Event: 3489.869 GC heap before
{Heap before GC invocations=57 (full 0):
 garbage-first heap   total 231424K, used 203178K [0x0000000080000000, 0x0000000100000000)
  region size 1024K, 66 young (67584K), 5 survivors (5120K)
 Metaspace       used 118450K, capacity 121015K, committed 122140K, reserved 1155072K
  class space    used 14450K, capacity 15351K, committed 15692K, reserved 1048576K
}
Event: 3489.888 GC heap after
{Heap after GC invocations=58 (full 0):
 garbage-first heap   total 231424K, used 128667K [0x0000000080000000, 0x0000000100000000)
  region size 1024K, 7 young (7168K), 7 survivors (7168K)
 Metaspace       used 118450K, capacity 121015K, committed 122140K, reserved 1155072K
  class space    used 14450K, capacity 15351K, committed 15692K, reserved 1048576K
}
Event: 3489.934 GC heap before
{Heap before GC invocations=58 (full 0):
 garbage-first heap   total 231424K, used 131739K [0x0000000080000000, 0x0000000100000000)
  region size 1024K, 11 young (11264K), 7 survivors (7168K)
 Metaspace       used 118487K, capacity 121015K, committed 122140K, reserved 1155072K
  class space    used 14450K, capacity 15351K, committed 15692K, reserved 1048576K
}
Event: 3489.952 GC heap after
{Heap after GC invocations=59 (full 0):
 garbage-first heap   total 231424K, used 129134K [0x0000000080000000, 0x0000000100000000)
  region size 1024K, 2 young (2048K), 2 survivors (2048K)
 Metaspace       used 118487K, capacity 121015K, committed 122140K, reserved 1155072K
  class space    used 14450K, capacity 15351K, committed 15692K, reserved 1048576K
}
Event: 3491.136 GC heap before
{Heap before GC invocations=59 (full 0):
 garbage-first heap   total 231424K, used 188526K [0x0000000080000000, 0x0000000100000000)
  region size 1024K, 61 young (62464K), 2 survivors (2048K)
 Metaspace       used 119694K, capacity 122175K, committed 123292K, reserved 1157120K
  class space    used 14564K, capacity 15457K, committed 15820K, reserved 1048576K
}
Event: 3491.152 GC heap after
{Heap after GC invocations=60 (full 0):
 garbage-first heap   total 231424K, used 132367K [0x0000000080000000, 0x0000000100000000)
  region size 1024K, 5 young (5120K), 5 survivors (5120K)
 Metaspace       used 119694K, capacity 122175K, committed 123292K, reserved 1157120K
  class space    used 14564K, capacity 15457K, committed 15820K, reserved 1048576K
}
Event: 3493.336 GC heap before
{Heap before GC invocations=61 (full 0):
 garbage-first heap   total 231424K, used 180194K [0x0000000080000000, 0x0000000100000000)
  region size 1024K, 62 young (63488K), 5 survivors (5120K)
 Metaspace       used 120725K, capacity 123239K, committed 124444K, reserved 1157120K
  class space    used 14680K, capacity 15575K, committed 15948K, reserved 1048576K
}
Event: 3493.355 GC heap after
{Heap after GC invocations=62 (full 0):
 garbage-first heap   total 231424K, used 126223K [0x0000000080000000, 0x0000000100000000)
  region size 1024K, 8 young (8192K), 8 survivors (8192K)
 Metaspace       used 120725K, capacity 123239K, committed 124444K, reserved 1157120K
  class space    used 14680K, capacity 15575K, committed 15948K, reserved 1048576K
}
Event: 3493.436 GC heap before
{Heap before GC invocations=62 (full 0):
 garbage-first heap   total 231424K, used 129295K [0x0000000080000000, 0x0000000100000000)
  region size 1024K, 11 young (11264K), 8 survivors (8192K)
 Metaspace       used 120896K, capacity 123453K, committed 124444K, reserved 1157120K
  class space    used 14700K, capacity 15617K, committed 15948K, reserved 1048576K
}
Event: 3493.575 GC heap after
{Heap after GC invocations=63 (full 0):
 garbage-first heap   total 231424K, used 107421K [0x0000000080000000, 0x0000000100000000)
  region size 1024K, 1 young (1024K), 1 survivors (1024K)
 Metaspace       used 120896K, capacity 123453K, committed 124444K, reserved 1157120K
  class space    used 14700K, capacity 15617K, committed 15948K, reserved 1048576K
}
Event: 3493.730 GC heap before
{Heap before GC invocations=63 (full 0):
 garbage-first heap   total 231424K, used 124829K [0x0000000080000000, 0x0000000100000000)
  region size 1024K, 11 young (11264K), 1 survivors (1024K)
 Metaspace       used 120986K, capacity 123517K, committed 124444K, reserved 1157120K
  class space    used 14715K, capacity 15617K, committed 15948K, reserved 1048576K
}
Event: 3493.750 GC heap after
{Heap after GC invocations=64 (full 0):
 garbage-first heap   total 231424K, used 117270K [0x0000000080000000, 0x0000000100000000)
  region size 1024K, 2 young (2048K), 2 survivors (2048K)
 Metaspace       used 120986K, capacity 123517K, committed 124444K, reserved 1157120K
  class space    used 14715K, capacity 15617K, committed 15948K, reserved 1048576K
}
Event: 3494.823 GC heap before
{Heap before GC invocations=64 (full 0):
 garbage-first heap   total 231424K, used 198166K [0x0000000080000000, 0x0000000100000000)
  region size 1024K, 66 young (67584K), 2 survivors (2048K)
 Metaspace       used 122282K, capacity 124862K, committed 125852K, reserved 1159168K
  class space    used 14880K, capacity 15780K, committed 16076K, reserved 1048576K
}
Event: 3494.868 GC heap after
{Heap after GC invocations=65 (full 0):
 garbage-first heap   total 231424K, used 140897K [0x0000000080000000, 0x0000000100000000)
  region size 1024K, 9 young (9216K), 9 survivors (9216K)
 Metaspace       used 122282K, capacity 124862K, committed 125852K, reserved 1159168K
  class space    used 14880K, capacity 15780K, committed 16076K, reserved 1048576K
}

