# JRE version: OpenJDK Runtime Environment (11.0.8+10) (build 11.0.8+10-b944.6842174)
# Java VM: OpenJDK 64-Bit Server VM (11.0.8+10-b944.6842174, mixed mode, tiered, compressed oops, g1 gc, windows-amd64)
Heap:
 garbage-first heap   total 295936K, used 159232K [0x0000000080000000, 0x0000000100000000)
  region size 1024K, 15 young (15360K), 3 survivors (3072K)
 Metaspace       used 89763K, capacity 91828K, committed 92160K, reserved 1128448K
  class space    used 11723K, capacity 12456K, committed 12544K, reserved 1048576K
GC Heap History (20 events):
Event: 16.781 GC heap before
{Heap before GC invocations=23 (full 0):
 garbage-first heap   total 133120K, used 102579K [0x0000000080000000, 0x0000000100000000)
  region size 1024K, 49 young (50176K), 6 survivors (6144K)
 Metaspace       used 78090K, capacity 79873K, committed 80000K, reserved 1118208K
  class space    used 10182K, capacity 10811K, committed 10880K, reserved 1048576K
}
Event: 16.801 GC heap after
{Heap after GC invocations=24 (full 0):
 garbage-first heap   total 133120K, used 62725K [0x0000000080000000, 0x0000000100000000)
  region size 1024K, 6 young (6144K), 6 survivors (6144K)
 Metaspace       used 78090K, capacity 79873K, committed 80000K, reserved 1118208K
  class space    used 10182K, capacity 10811K, committed 10880K, reserved 1048576K
}
Event: 18.120 GC heap before
{Heap before GC invocations=24 (full 0):
 garbage-first heap   total 133120K, used 104709K [0x0000000080000000, 0x0000000100000000)
  region size 1024K, 48 young (49152K), 6 survivors (6144K)
 Metaspace       used 78577K, capacity 80472K, committed 80512K, reserved 1118208K
  class space    used 10193K, capacity 10851K, committed 10880K, reserved 1048576K
}
Event: 18.138 GC heap after
{Heap after GC invocations=25 (full 0):
 garbage-first heap   total 159744K, used 65168K [0x0000000080000000, 0x0000000100000000)
  region size 1024K, 6 young (6144K), 6 survivors (6144K)
 Metaspace       used 78577K, capacity 80472K, committed 80512K, reserved 1118208K
  class space    used 10193K, capacity 10851K, committed 10880K, reserved 1048576K
}
Event: 19.255 GC heap before
{Heap before GC invocations=25 (full 0):
 garbage-first heap   total 159744K, used 116368K [0x0000000080000000, 0x0000000100000000)
  region size 1024K, 57 young (58368K), 6 survivors (6144K)
 Metaspace       used 80287K, capacity 82292K, committed 82304K, reserved 1120256K
  class space    used 10408K, capacity 11128K, committed 11136K, reserved 1048576K
}
Event: 19.273 GC heap after
{Heap after GC invocations=26 (full 0):
 garbage-first heap   total 159744K, used 68394K [0x0000000080000000, 0x0000000100000000)
  region size 1024K, 6 young (6144K), 6 survivors (6144K)
 Metaspace       used 80287K, capacity 82292K, committed 82304K, reserved 1120256K
  class space    used 10408K, capacity 11128K, committed 11136K, reserved 1048576K
}
Event: 20.217 GC heap before
{Heap before GC invocations=26 (full 0):
 garbage-first heap   total 159744K, used 130858K [0x0000000080000000, 0x0000000100000000)
  region size 1024K, 60 young (61440K), 6 survivors (6144K)
 Metaspace       used 82644K, capacity 84666K, committed 84992K, reserved 1122304K
  class space    used 10692K, capacity 11395K, committed 11520K, reserved 1048576K
}
Event: 20.233 GC heap after
{Heap after GC invocations=27 (full 0):
 garbage-first heap   total 159744K, used 80686K [0x0000000080000000, 0x0000000100000000)
  region size 1024K, 8 young (8192K), 8 survivors (8192K)
 Metaspace       used 82644K, capacity 84666K, committed 84992K, reserved 1122304K
  class space    used 10692K, capacity 11395K, committed 11520K, reserved 1048576K
}
Event: 20.796 GC heap before
{Heap before GC invocations=27 (full 0):
 garbage-first heap   total 159744K, used 103214K [0x0000000080000000, 0x0000000100000000)
  region size 1024K, 32 young (32768K), 8 survivors (8192K)
 Metaspace       used 85929K, capacity 87938K, committed 88192K, reserved 1126400K
  class space    used 11128K, capacity 11868K, committed 11904K, reserved 1048576K
}
Event: 20.817 GC heap after
{Heap after GC invocations=28 (full 0):
 garbage-first heap   total 159744K, used 83930K [0x0000000080000000, 0x0000000100000000)
  region size 1024K, 4 young (4096K), 4 survivors (4096K)
 Metaspace       used 85929K, capacity 87938K, committed 88192K, reserved 1126400K
  class space    used 11128K, capacity 11868K, committed 11904K, reserved 1048576K
}
Event: 21.619 GC heap before
{Heap before GC invocations=29 (full 0):
 garbage-first heap   total 159744K, used 146394K [0x0000000080000000, 0x0000000100000000)
  region size 1024K, 50 young (51200K), 4 survivors (4096K)
 Metaspace       used 86742K, capacity 88766K, committed 89088K, reserved 1126400K
  class space    used 11219K, capacity 11954K, committed 12032K, reserved 1048576K
}
Event: 21.661 GC heap after
{Heap after GC invocations=30 (full 0):
 garbage-first heap   total 199680K, used 106496K [0x0000000080000000, 0x0000000100000000)
  region size 1024K, 7 young (7168K), 7 survivors (7168K)
 Metaspace       used 86742K, capacity 88766K, committed 89088K, reserved 1126400K
  class space    used 11219K, capacity 11954K, committed 12032K, reserved 1048576K
}
Event: 21.748 GC heap before
{Heap before GC invocations=30 (full 0):
 garbage-first heap   total 199680K, used 113664K [0x0000000080000000, 0x0000000100000000)
  region size 1024K, 15 young (15360K), 7 survivors (7168K)
 Metaspace       used 86777K, capacity 88780K, committed 89088K, reserved 1126400K
  class space    used 11227K, capacity 11959K, committed 12032K, reserved 1048576K
}
Event: 21.786 GC heap after
{Heap after GC invocations=31 (full 0):
 garbage-first heap   total 199680K, used 110119K [0x0000000080000000, 0x0000000100000000)
  region size 1024K, 3 young (3072K), 3 survivors (3072K)
 Metaspace       used 86777K, capacity 88780K, committed 89088K, reserved 1126400K
  class space    used 11227K, capacity 11959K, committed 12032K, reserved 1048576K
}
Event: 22.767 GC heap before
{Heap before GC invocations=32 (full 0):
 garbage-first heap   total 199680K, used 141863K [0x0000000080000000, 0x0000000100000000)
  region size 1024K, 34 young (34816K), 3 survivors (3072K)
 Metaspace       used 88746K, capacity 90757K, committed 91008K, reserved 1128448K
  class space    used 11580K, capacity 12315K, committed 12416K, reserved 1048576K
}
Event: 22.817 GC heap after
{Heap after GC invocations=33 (full 0):
 garbage-first heap   total 199680K, used 123904K [0x0000000080000000, 0x0000000100000000)
  region size 1024K, 5 young (5120K), 5 survivors (5120K)
 Metaspace       used 88746K, capacity 90757K, committed 91008K, reserved 1128448K
  class space    used 11580K, capacity 12315K, committed 12416K, reserved 1048576K
}
Event: 23.091 GC heap before
{Heap before GC invocations=33 (full 0):
 garbage-first heap   total 199680K, used 149504K [0x0000000080000000, 0x0000000100000000)
  region size 1024K, 30 young (30720K), 5 survivors (5120K)
 Metaspace       used 88764K, capacity 90824K, committed 91008K, reserved 1128448K
  class space    used 11580K, capacity 12315K, committed 12416K, reserved 1048576K
}
Event: 23.153 GC heap after
{Heap after GC invocations=34 (full 0):
 garbage-first heap   total 199680K, used 137668K [0x0000000080000000, 0x0000000100000000)
  region size 1024K, 4 young (4096K), 4 survivors (4096K)
 Metaspace       used 88764K, capacity 90824K, committed 91008K, reserved 1128448K
  class space    used 11580K, capacity 12315K, committed 12416K, reserved 1048576K
}
Event: 23.448 GC heap before
{Heap before GC invocations=34 (full 0):
 garbage-first heap   total 199680K, used 155076K [0x0000000080000000, 0x0000000100000000)
  region size 1024K, 22 young (22528K), 4 survivors (4096K)
 Metaspace       used 88767K, capacity 90824K, committed 91008K, reserved 1128448K
  class space    used 11580K, capacity 12315K, committed 12416K, reserved 1048576K
}
Event: 23.483 GC heap after
{Heap after GC invocations=35 (full 0):
 garbage-first heap   total 295936K, used 147968K [0x0000000080000000, 0x0000000100000000)
  region size 1024K, 3 young (3072K), 3 survivors (3072K)
 Metaspace       used 88767K, capacity 90824K, committed 91008K, reserved 1128448K
  class space    used 11580K, capacity 12315K, committed 12416K, reserved 1048576K
}

