# JRE version: OpenJDK Runtime Environment (11.0.8+10) (build 11.0.8+10-b944.6842174)
# Java VM: OpenJDK 64-Bit Server VM (11.0.8+10-b944.6842174, mixed mode, tiered, compressed oops, g1 gc, windows-amd64)
Heap:
 garbage-first heap   total 365568K, used 194402K [0x0000000080000000, 0x0000000100000000)
  region size 1024K, 27 young (27648K), 10 survivors (10240K)
 Metaspace       used 93174K, capacity 95372K, committed 95564K, reserved 1132544K
  class space    used 12097K, capacity 12875K, committed 12928K, reserved 1048576K
GC Heap History (20 events):
Event: 19.510 GC heap before
{Heap before GC invocations=29 (full 0):
 garbage-first heap   total 159744K, used 117498K [0x0000000080000000, 0x0000000100000000)
  region size 1024K, 57 young (58368K), 7 survivors (7168K)
 Metaspace       used 81628K, capacity 83597K, committed 83660K, reserved 1122304K
  class space    used 10576K, capacity 11264K, committed 11264K, reserved 1048576K
}
Event: 19.530 GC heap after
{Heap after GC invocations=30 (full 0):
 garbage-first heap   total 192512K, used 69449K [0x0000000080000000, 0x0000000100000000)
  region size 1024K, 5 young (5120K), 5 survivors (5120K)
 Metaspace       used 81628K, capacity 83597K, committed 83660K, reserved 1122304K
  class space    used 10576K, capacity 11264K, committed 11264K, reserved 1048576K
}
Event: 20.311 GC heap before
{Heap before GC invocations=30 (full 0):
 garbage-first heap   total 192512K, used 128841K [0x0000000080000000, 0x0000000100000000)
  region size 1024K, 44 young (45056K), 5 survivors (5120K)
 Metaspace       used 85113K, capacity 87156K, committed 87244K, reserved 1124352K
  class space    used 11027K, capacity 11718K, committed 11776K, reserved 1048576K
}
Event: 20.334 GC heap after
{Heap after GC invocations=31 (full 0):
 garbage-first heap   total 192512K, used 90929K [0x0000000080000000, 0x0000000100000000)
  region size 1024K, 11 young (11264K), 11 survivors (11264K)
 Metaspace       used 85113K, capacity 87156K, committed 87244K, reserved 1124352K
  class space    used 11027K, capacity 11718K, committed 11776K, reserved 1048576K
}
Event: 21.449 GC heap before
{Heap before GC invocations=32 (full 0):
 garbage-first heap   total 192512K, used 149297K [0x0000000080000000, 0x0000000100000000)
  region size 1024K, 65 young (66560K), 11 survivors (11264K)
 Metaspace       used 87814K, capacity 89889K, committed 90060K, reserved 1126400K
  class space    used 11485K, capacity 12202K, committed 12288K, reserved 1048576K
}
Event: 21.533 GC heap after
{Heap after GC invocations=33 (full 0):
 garbage-first heap   total 192512K, used 111881K [0x0000000080000000, 0x0000000100000000)
  region size 1024K, 9 young (9216K), 9 survivors (9216K)
 Metaspace       used 87814K, capacity 89889K, committed 90060K, reserved 1126400K
  class space    used 11485K, capacity 12202K, committed 12288K, reserved 1048576K
}
Event: 21.936 GC heap before
{Heap before GC invocations=33 (full 0):
 garbage-first heap   total 192512K, used 150793K [0x0000000080000000, 0x0000000100000000)
  region size 1024K, 47 young (48128K), 9 survivors (9216K)
 Metaspace       used 87875K, capacity 89960K, committed 90060K, reserved 1126400K
  class space    used 11485K, capacity 12202K, committed 12288K, reserved 1048576K
}
Event: 22.021 GC heap after
{Heap after GC invocations=34 (full 0):
 garbage-first heap   total 192512K, used 134144K [0x0000000080000000, 0x0000000100000000)
  region size 1024K, 6 young (6144K), 6 survivors (6144K)
 Metaspace       used 87875K, capacity 89960K, committed 90060K, reserved 1126400K
  class space    used 11485K, capacity 12202K, committed 12288K, reserved 1048576K
}
Event: 22.734 GC heap before
{Heap before GC invocations=34 (full 0):
 garbage-first heap   total 192512K, used 154624K [0x0000000080000000, 0x0000000100000000)
  region size 1024K, 26 young (26624K), 6 survivors (6144K)
 Metaspace       used 87931K, capacity 90028K, committed 90316K, reserved 1128448K
  class space    used 11487K, capacity 12203K, committed 12288K, reserved 1048576K
}
Event: 22.798 GC heap after
{Heap after GC invocations=35 (full 0):
 garbage-first heap   total 292864K, used 146432K [0x0000000080000000, 0x0000000100000000)
  region size 1024K, 4 young (4096K), 4 survivors (4096K)
 Metaspace       used 87931K, capacity 90028K, committed 90316K, reserved 1128448K
  class space    used 11487K, capacity 12203K, committed 12288K, reserved 1048576K
}
Event: 24.058 GC heap before
{Heap before GC invocations=36 (full 0):
 garbage-first heap   total 292864K, used 190464K [0x0000000080000000, 0x0000000100000000)
  region size 1024K, 49 young (50176K), 4 survivors (4096K)
 Metaspace       used 90178K, capacity 92386K, committed 92748K, reserved 1130496K
  class space    used 11776K, capacity 12549K, committed 12672K, reserved 1048576K
}
Event: 24.098 GC heap after
{Heap after GC invocations=37 (full 0):
 garbage-first heap   total 292864K, used 153600K [0x0000000080000000, 0x0000000100000000)
  region size 1024K, 8 young (8192K), 8 survivors (8192K)
 Metaspace       used 90178K, capacity 92386K, committed 92748K, reserved 1130496K
  class space    used 11776K, capacity 12549K, committed 12672K, reserved 1048576K
}
Event: 25.049 GC heap before
{Heap before GC invocations=38 (full 0):
 garbage-first heap   total 292864K, used 167936K [0x0000000080000000, 0x0000000100000000)
  region size 1024K, 27 young (27648K), 8 survivors (8192K)
 Metaspace       used 90164K, capacity 92351K, committed 92748K, reserved 1130496K
  class space    used 11770K, capacity 12537K, committed 12672K, reserved 1048576K
}
Event: 25.087 GC heap after
{Heap after GC invocations=39 (full 0):
 garbage-first heap   total 292864K, used 152337K [0x0000000080000000, 0x0000000100000000)
  region size 1024K, 3 young (3072K), 3 survivors (3072K)
 Metaspace       used 90164K, capacity 92351K, committed 92748K, reserved 1130496K
  class space    used 11770K, capacity 12537K, committed 12672K, reserved 1048576K
}
Event: 26.128 GC heap before
{Heap before GC invocations=40 (full 0):
 garbage-first heap   total 292864K, used 164625K [0x0000000080000000, 0x0000000100000000)
  region size 1024K, 16 young (16384K), 3 survivors (3072K)
 Metaspace       used 90786K, capacity 92933K, committed 93004K, reserved 1130496K
  class space    used 11836K, capacity 12621K, committed 12672K, reserved 1048576K
}
Event: 26.151 GC heap after
{Heap after GC invocations=41 (full 0):
 garbage-first heap   total 292864K, used 154641K [0x0000000080000000, 0x0000000100000000)
  region size 1024K, 5 young (5120K), 5 survivors (5120K)
 Metaspace       used 90786K, capacity 92933K, committed 93004K, reserved 1130496K
  class space    used 11836K, capacity 12621K, committed 12672K, reserved 1048576K
}
Event: 27.259 GC heap before
{Heap before GC invocations=42 (full 0):
 garbage-first heap   total 292864K, used 206865K [0x0000000080000000, 0x0000000100000000)
  region size 1024K, 53 young (54272K), 5 survivors (5120K)
 Metaspace       used 91626K, capacity 93854K, committed 94156K, reserved 1130496K
  class space    used 11903K, capacity 12692K, committed 12800K, reserved 1048576K
}
Event: 27.293 GC heap after
{Heap after GC invocations=43 (full 0):
 garbage-first heap   total 365568K, used 164524K [0x0000000080000000, 0x0000000100000000)
  region size 1024K, 7 young (7168K), 7 survivors (7168K)
 Metaspace       used 91626K, capacity 93854K, committed 94156K, reserved 1130496K
  class space    used 11903K, capacity 12692K, committed 12800K, reserved 1048576K
}
Event: 28.035 GC heap before
{Heap before GC invocations=43 (full 0):
 garbage-first heap   total 365568K, used 241324K [0x0000000080000000, 0x0000000100000000)
  region size 1024K, 77 young (78848K), 7 survivors (7168K)
 Metaspace       used 92834K, capacity 95016K, committed 95308K, reserved 1132544K
  class space    used 12061K, capacity 12842K, committed 12928K, reserved 1048576K
}
Event: 28.062 GC heap after
{Heap after GC invocations=44 (full 0):
 garbage-first heap   total 365568K, used 176994K [0x0000000080000000, 0x0000000100000000)
  region size 1024K, 10 young (10240K), 10 survivors (10240K)
 Metaspace       used 92834K, capacity 95016K, committed 95308K, reserved 1132544K
  class space    used 12061K, capacity 12842K, committed 12928K, reserved 1048576K
}

